Wed, 30 Sep 2020 17:57:08 GMT tedious deprecated The default value for `config.options.enableArithAbort` will change from `false` to `true` in the next major version of `tedious`. Set the value to `true` or `false` explicitly to silence this message. at node_modules\mssql\lib\tedious\connection-pool.js:61:23
Sat, 03 Oct 2020 12:40:35 GMT tedious deprecated The default value for `config.options.enableArithAbort` will change from `false` to `true` in the next major version of `tedious`. Set the value to `true` or `false` explicitly to silence this message. at node_modules\mssql\lib\tedious\connection-pool.js:61:23
Tue, 06 Oct 2020 17:40:03 GMT tedious deprecated The default value for `config.options.enableArithAbort` will change from `false` to `true` in the next major version of `tedious`. Set the value to `true` or `false` explicitly to silence this message. at node_modules\mssql\lib\tedious\connection-pool.js:61:23
(node:51216) UnhandledPromiseRejectionWarning: ConnectionError: Port for SOFTLAND not found in 10.0.220.33
    at Connection.<anonymous> (C:\SistVisac\cod_visaciones\nodeServer\node_modules\mssql\lib\tedious\connection-pool.js:68:17)
    at Object.onceWrapper (events.js:422:26)
    at Connection.emit (events.js:315:20)
    at C:\SistVisac\cod_visaciones\nodeServer\node_modules\tedious\lib\connection.js:1100:16
    at C:\SistVisac\cod_visaciones\nodeServer\node_modules\tedious\lib\instance-lookup.js:77:15
    at Socket.onMessage (C:\SistVisac\cod_visaciones\nodeServer\node_modules\tedious\lib\sender.js:72:7)
    at Socket.emit (events.js:315:20)
    at UDP.onMessage [as onmessage] (dgram.js:910:8)
(node:51216) UnhandledPromiseRejectionWarning: Unhandled promise rejection. This error originated either by throwing inside of an async function without a catch block, or by rejecting a promise which was not handled with .catch(). To terminate the node process on unhandled promise rejection, use the CLI flag `--unhandled-rejections=strict` (see https://nodejs.org/api/cli.html#cli_unhandled_rejections_mode). (rejection id: 1)
(node:51216) [DEP0018] DeprecationWarning: Unhandled promise rejections are deprecated. In the future, promise rejections that are not handled will terminate the Node.js process with a non-zero exit code.
(node:51216) UnhandledPromiseRejectionWarning: ConnectionError: Port for SOFTLAND not found in 10.0.220.33
    at Connection.<anonymous> (C:\SistVisac\cod_visaciones\nodeServer\node_modules\mssql\lib\tedious\connection-pool.js:68:17)
    at Object.onceWrapper (events.js:422:26)
    at Connection.emit (events.js:315:20)
    at C:\SistVisac\cod_visaciones\nodeServer\node_modules\tedious\lib\connection.js:1100:16
    at C:\SistVisac\cod_visaciones\nodeServer\node_modules\tedious\lib\instance-lookup.js:77:15
    at Socket.onMessage (C:\SistVisac\cod_visaciones\nodeServer\node_modules\tedious\lib\sender.js:72:7)
    at Socket.emit (events.js:315:20)
    at UDP.onMessage [as onmessage] (dgram.js:910:8)
(node:51216) UnhandledPromiseRejectionWarning: Unhandled promise rejection. This error originated either by throwing inside of an async function without a catch block, or by rejecting a promise which was not handled with .catch(). To terminate the node process on unhandled promise rejection, use the CLI flag `--unhandled-rejections=strict` (see https://nodejs.org/api/cli.html#cli_unhandled_rejections_mode). (rejection id: 2)
(node:51216) UnhandledPromiseRejectionWarning: ConnectionError: Port for SOFTLAND not found in 10.0.220.33
    at Connection.<anonymous> (C:\SistVisac\cod_visaciones\nodeServer\node_modules\mssql\lib\tedious\connection-pool.js:68:17)
    at Object.onceWrapper (events.js:422:26)
    at Connection.emit (events.js:315:20)
    at C:\SistVisac\cod_visaciones\nodeServer\node_modules\tedious\lib\connection.js:1100:16
    at C:\SistVisac\cod_visaciones\nodeServer\node_modules\tedious\lib\instance-lookup.js:77:15
    at Socket.onMessage (C:\SistVisac\cod_visaciones\nodeServer\node_modules\tedious\lib\sender.js:72:7)
    at Socket.emit (events.js:315:20)
    at UDP.onMessage [as onmessage] (dgram.js:910:8)
(node:51216) UnhandledPromiseRejectionWarning: Unhandled promise rejection. This error originated either by throwing inside of an async function without a catch block, or by rejecting a promise which was not handled with .catch(). To terminate the node process on unhandled promise rejection, use the CLI flag `--unhandled-rejections=strict` (see https://nodejs.org/api/cli.html#cli_unhandled_rejections_mode). (rejection id: 3)
(node:51216) UnhandledPromiseRejectionWarning: ConnectionError: Port for SOFTLAND not found in 10.0.220.33
    at Connection.<anonymous> (C:\SistVisac\cod_visaciones\nodeServer\node_modules\mssql\lib\tedious\connection-pool.js:68:17)
    at Object.onceWrapper (events.js:422:26)
    at Connection.emit (events.js:315:20)
    at C:\SistVisac\cod_visaciones\nodeServer\node_modules\tedious\lib\connection.js:1100:16
    at C:\SistVisac\cod_visaciones\nodeServer\node_modules\tedious\lib\instance-lookup.js:77:15
    at Socket.onMessage (C:\SistVisac\cod_visaciones\nodeServer\node_modules\tedious\lib\sender.js:72:7)
    at Socket.emit (events.js:315:20)
    at UDP.onMessage [as onmessage] (dgram.js:910:8)
(node:51216) UnhandledPromiseRejectionWarning: Unhandled promise rejection. This error originated either by throwing inside of an async function without a catch block, or by rejecting a promise which was not handled with .catch(). To terminate the node process on unhandled promise rejection, use the CLI flag `--unhandled-rejections=strict` (see https://nodejs.org/api/cli.html#cli_unhandled_rejections_mode). (rejection id: 4)
